[08-Sep-2020 01:11:27 UTC] PHP Fatal error:  Method App\Product::__toString() must not throw an exception, caught Illuminate\Database\Eloquent\JsonEncodingException: Error encoding model [App\Product] with ID [32] to JSON: Recursion detected in C:\Apache24\htdocs\lshopclean.local\vendor\laravel\framework\src\Illuminate\Support\helpers.php on line 262
[08-Sep-2020 01:11:38 UTC] PHP Fatal error:  Method App\Product::__toString() must not throw an exception, caught Illuminate\Database\Eloquent\JsonEncodingException: Error encoding model [App\Product] with ID [38] to JSON: Recursion detected in C:\Apache24\htdocs\lshopclean.local\vendor\laravel\framework\src\Illuminate\Support\helpers.php on line 262
[08-Sep-2020 01:11:38 UTC] PHP Fatal error:  Method App\Product::__toString() must not throw an exception, caught Illuminate\Database\Eloquent\JsonEncodingException: Error encoding model [App\Product] with ID [44] to JSON: Recursion detected in C:\Apache24\htdocs\lshopclean.local\vendor\laravel\framework\src\Illuminate\Support\helpers.php on line 262
[08-Sep-2020 01:12:01 UTC] PHP Fatal error:  Method App\Product::__toString() must not throw an exception, caught Illuminate\Database\Eloquent\JsonEncodingException: Error encoding model [App\Product] with ID [32] to JSON: Recursion detected in C:\Apache24\htdocs\lshopclean.local\vendor\laravel\framework\src\Illuminate\Support\helpers.php on line 262
[11-Nov-2020 20:07:24 UTC] PHP Fatal error:  Cannot use isset() on the result of an expression (you can use "null !== expression" instead) in C:\Apache24\htdocs\lshopclean.local\app\Http\Controllers\Voyager\ProductsController.php on line 44
[11-Nov-2020 20:07:24 UTC] PHP Stack trace:
[11-Nov-2020 20:07:24 UTC] PHP   1. {main}() C:\Apache24\htdocs\lshopclean.local\public\index.php:0
[11-Nov-2020 20:07:24 UTC] PHP   2. App\Http\Kernel->handle() C:\Apache24\htdocs\lshopclean.local\public\index.php:55
[11-Nov-2020 20:07:24 UTC] PHP   3. App\Http\Kernel->sendRequestThroughRouter() C:\Apache24\htdocs\lshopclean.local\vendor\laravel\framework\src\Illuminate\Foundation\Http\Kernel.php:109
[11-Nov-2020 20:07:24 UTC] PHP   4. Illuminate\Routing\Pipeline->then() C:\Apache24\htdocs\lshopclean.local\vendor\laravel\framework\src\Illuminate\Foundation\Http\Kernel.php:140
[11-Nov-2020 20:07:24 UTC] PHP   5. Illuminate\Routing\Pipeline->Illuminate\Pipeline\{closure:C:\Apache24\htdocs\lshopclean.local\vendor\laravel\framework\src\Illuminate\Pipeline\Pipeline.php:143-174}() C:\Apache24\htdocs\lshopclean.local\vendor\laravel\framework\src\Illuminate\Pipeline\Pipeline.php:103
[11-Nov-2020 20:07:24 UTC] PHP   6. App\Http\Middleware\TrustProxies->handle() C:\Apache24\htdocs\lshopclean.local\vendor\laravel\framework\src\Illuminate\Pipeline\Pipeline.php:167
[11-Nov-2020 20:07:24 UTC] PHP   7. Illuminate\Routing\Pipeline->Illuminate\Pipeline\{closure:C:\Apache24\htdocs\lshopclean.local\vendor\laravel\framework\src\Illuminate\Pipeline\Pipeline.php:143-174}() C:\Apache24\htdocs\lshopclean.local\vendor\fideloper\proxy\src\TrustProxies.php:57
[11-Nov-2020 20:07:24 UTC] PHP   8. Fruitcake\Cors\HandleCors->handle() C:\Apache24\htdocs\lshopclean.local\vendor\laravel\framework\src\Illuminate\Pipeline\Pipeline.php:167
[11-Nov-2020 20:07:24 UTC] PHP   9. Illuminate\Routing\Pipeline->Illuminate\Pipeline\{closure:C:\Apache24\htdocs\lshopclean.local\vendor\laravel\framework\src\Illuminate\Pipeline\Pipeline.php:143-174}() C:\Apache24\htdocs\lshopclean.local\vendor\fruitcake\laravel-cors\src\HandleCors.php:37
[11-Nov-2020 20:07:24 UTC] PHP  10. App\Http\Middleware\CheckForMaintenanceMode->handle() C:\Apache24\htdocs\lshopclean.local\vendor\laravel\framework\src\Illuminate\Pipeline\Pipeline.php:167
[11-Nov-2020 20:07:24 UTC] PHP  11. Illuminate\Routing\Pipeline->Illuminate\Pipeline\{closure:C:\Apache24\htdocs\lshopclean.local\vendor\laravel\framework\src\Illuminate\Pipeline\Pipeline.php:143-174}() C:\Apache24\htdocs\lshopclean.local\vendor\laravel\framework\src\Illuminate\Foundation\Http\Middleware\CheckForMaintenanceMode.php:63
[11-Nov-2020 20:07:24 UTC] PHP  12. Illuminate\Foundation\Http\Middleware\ValidatePostSize->handle() C:\Apache24\htdocs\lshopclean.local\vendor\laravel\framework\src\Illuminate\Pipeline\Pipeline.php:167
[11-Nov-2020 20:07:24 UTC] PHP  13. Illuminate\Routing\Pipeline->Illuminate\Pipeline\{closure:C:\Apache24\htdocs\lshopclean.local\vendor\laravel\framework\src\Illuminate\Pipeline\Pipeline.php:143-174}() C:\Apache24\htdocs\lshopclean.local\vendor\laravel\framework\src\Illuminate\Foundation\Http\Middleware\ValidatePostSize.php:27
[11-Nov-2020 20:07:24 UTC] PHP  14. App\Http\Middleware\TrimStrings->handle() C:\Apache24\htdocs\lshopclean.local\vendor\laravel\framework\src\Illuminate\Pipeline\Pipeline.php:167
[11-Nov-2020 20:07:24 UTC] PHP  15. Illuminate\Routing\Pipeline->Illuminate\Pipeline\{closure:C:\Apache24\htdocs\lshopclean.local\vendor\laravel\framework\src\Illuminate\Pipeline\Pipeline.php:143-174}() C:\Apache24\htdocs\lshopclean.local\vendor\laravel\framework\src\Illuminate\Foundation\Http\Middleware\TransformsRequest.php:21
[11-Nov-2020 20:07:24 UTC] PHP  16. Illuminate\Foundation\Http\Middleware\ConvertEmptyStringsToNull->handle() C:\Apache24\htdocs\lshopclean.local\vendor\laravel\framework\src\Illuminate\Pipeline\Pipeline.php:167
[11-Nov-2020 20:07:24 UTC] PHP  17. Illuminate\Routing\Pipeline->Illuminate\Pipeline\{closure:C:\Apache24\htdocs\lshopclean.local\vendor\laravel\framework\src\Illuminate\Pipeline\Pipeline.php:126-132}() C:\Apache24\htdocs\lshopclean.local\vendor\laravel\framework\src\Illuminate\Foundation\Http\Middleware\TransformsRequest.php:21
[11-Nov-2020 20:07:24 UTC] PHP  18. App\Http\Kernel->Illuminate\Foundation\Http\{closure:C:\Apache24\htdocs\lshopclean.local\vendor\laravel\framework\src\Illuminate\Foundation\Http\Kernel.php:162-166}() C:\Apache24\htdocs\lshopclean.local\vendor\laravel\framework\src\Illuminate\Pipeline\Pipeline.php:128
[11-Nov-2020 20:07:24 UTC] PHP  19. Illuminate\Routing\Router->dispatch() C:\Apache24\htdocs\lshopclean.local\vendor\laravel\framework\src\Illuminate\Foundation\Http\Kernel.php:165
[11-Nov-2020 20:07:24 UTC] PHP  20. Illuminate\Routing\Router->dispatchToRoute() C:\Apache24\htdocs\lshopclean.local\vendor\laravel\framework\src\Illuminate\Routing\Router.php:617
[11-Nov-2020 20:07:24 UTC] PHP  21. Illuminate\Routing\Router->runRoute() C:\Apache24\htdocs\lshopclean.local\vendor\laravel\framework\src\Illuminate\Routing\Router.php:628
[11-Nov-2020 20:07:24 UTC] PHP  22. Illuminate\Routing\Router->runRouteWithinStack() C:\Apache24\htdocs\lshopclean.local\vendor\laravel\framework\src\Illuminate\Routing\Router.php:662
[11-Nov-2020 20:07:24 UTC] PHP  23. Illuminate\Routing\Router->gatherRouteMiddleware() C:\Apache24\htdocs\lshopclean.local\vendor\laravel\framework\src\Illuminate\Routing\Router.php:678
[11-Nov-2020 20:07:24 UTC] PHP  24. Illuminate\Routing\Route->gatherMiddleware() C:\Apache24\htdocs\lshopclean.local\vendor\laravel\framework\src\Illuminate\Routing\Router.php:702
[11-Nov-2020 20:07:24 UTC] PHP  25. Illuminate\Routing\Route->controllerMiddleware() C:\Apache24\htdocs\lshopclean.local\vendor\laravel\framework\src\Illuminate\Routing\Route.php:931
[11-Nov-2020 20:07:24 UTC] PHP  26. Illuminate\Routing\Route->getController() C:\Apache24\htdocs\lshopclean.local\vendor\laravel\framework\src\Illuminate\Routing\Route.php:970
[11-Nov-2020 20:07:24 UTC] PHP  27. Illuminate\Foundation\Application->make() C:\Apache24\htdocs\lshopclean.local\vendor\laravel\framework\src\Illuminate\Routing\Route.php:253
[11-Nov-2020 20:07:24 UTC] PHP  28. Illuminate\Foundation\Application->make() C:\Apache24\htdocs\lshopclean.local\vendor\laravel\framework\src\Illuminate\Foundation\Application.php:781
[11-Nov-2020 20:07:24 UTC] PHP  29. Illuminate\Foundation\Application->resolve() C:\Apache24\htdocs\lshopclean.local\vendor\laravel\framework\src\Illuminate\Container\Container.php:637
[11-Nov-2020 20:07:24 UTC] PHP  30. Illuminate\Foundation\Application->resolve() C:\Apache24\htdocs\lshopclean.local\vendor\laravel\framework\src\Illuminate\Foundation\Application.php:796
[11-Nov-2020 20:07:24 UTC] PHP  31. Illuminate\Foundation\Application->build() C:\Apache24\htdocs\lshopclean.local\vendor\laravel\framework\src\Illuminate\Container\Container.php:691
[11-Nov-2020 20:07:24 UTC] PHP  32. ReflectionClass->__construct() C:\Apache24\htdocs\lshopclean.local\vendor\laravel\framework\src\Illuminate\Container\Container.php:809
[11-Nov-2020 20:07:24 UTC] PHP  33. spl_autoload_call() C:\Apache24\htdocs\lshopclean.local\vendor\laravel\framework\src\Illuminate\Container\Container.php:809
[11-Nov-2020 20:07:24 UTC] PHP  34. Composer\Autoload\ClassLoader->loadClass() C:\Apache24\htdocs\lshopclean.local\vendor\laravel\framework\src\Illuminate\Container\Container.php:809
[11-Nov-2020 20:07:24 UTC] PHP  35. Composer\Autoload\includeFile() C:\Apache24\htdocs\lshopclean.local\vendor\composer\ClassLoader.php:322
[08-Dec-2020 21:15:02 UTC] PHP Warning:  openssl_cipher_iv_length(): Unknown cipher algorithm in C:\Apache24\htdocs\lshopclean.local\public\index.php on line 3
